<?xml version="1.0" encoding="UTF-8"?>
<Site BuildName="(empty)"
	BuildStamp="20260330-0907-Experimental"
	Name="quan"
	Generator="ctest-3.22.1"
	CompilerName="/usr/bin/c++"
	CompilerVersion="11.4.0"
	OSName="Linux"
	Hostname="quan"
	OSRelease="6.8.0-106-generic"
	OSVersion="#106~22.04.1-Ubuntu SMP PREEMPT_DYNAMIC Fri Mar  6 08:44:59 UTC "
	OSPlatform="x86_64"
	Is64Bits="1"
	VendorString="GenuineIntel"
	VendorID="Intel Corporation"
	FamilyID="6"
	ModelID="126"
	ProcessorCacheSize="6144"
	NumberOfLogicalCPU="8"
	NumberOfPhysicalCPU="4"
	TotalVirtualMemory="2047"
	TotalPhysicalMemory="11650"
	LogicalProcessorsPerPhysical="2"
	ProcessorClockFrequency="2081.1"
	>
	<Testing>
		<StartDateTime>Mar 31 05:19 +07</StartDateTime>
		<StartTestTime>1774909184</StartTestTime>
		<TestList/>
		<EndDateTime>Mar 31 05:19 +07</EndDateTime>
		<EndTestTime>1774909184</EndTestTime>
		<ElapsedMinutes>0</ElapsedMinutes>
	</Testing>
</Site>
